<?xml version="1.0" encoding="UTF-8"?>
<!-- Generated by org.testng.reporters.JUnitXMLReporter -->
<testsuite ignored="0" hostname="Sonals-MacBook-Pro.local" failures="1" tests="4" name="Command line test" time="0.003" errors="0" timestamp="2023-10-15T18:49:07 IST">
  <testcase classname="com.example.demo.test.TestNGTest" name="testPostRequest" time="0.001">
    <failure type="java.lang.NullPointerException" message="Cannot invoke &amp;quot;com.example.demo.repository.TestRepository.findAll()&amp;quot; because &amp;quot;this.testRepository&amp;quot; is null">
      <![CDATA[java.lang.NullPointerException: Cannot invoke "com.example.demo.repository.TestRepository.findAll()" because "this.testRepository" is null
at com.example.demo.test.TestNGTest.testPostRequest(TestNGTest.java:33)
at java.base/java.util.ArrayList.forEach(ArrayList.java:1511)
at com.example.demo.test.TestRunner.run(TestRunner.java:31)
at org.springframework.boot.SpringApplication.callRunner(SpringApplication.java:791)
at org.springframework.boot.SpringApplication.callRunners(SpringApplication.java:775)
at org.springframework.boot.SpringApplication.run(SpringApplication.java:345)
at com.example.demo.DemoApplication.main(DemoApplication.java:27)
... Removed 22 stack frames]]>
    </failure>
  </testcase> <!-- testPostRequest -->
  <testcase classname="com.example.demo.test.TestNGTest" name="testTestNGONE" time="0.0"/>
  <testcase classname="com.example.demo.test.TestNGTest" name="testTestNGTHREE" time="0.0"/>
  <testcase classname="com.example.demo.test.TestNGTest" name="testTestNGTWO" time="0.0"/>
</testsuite> <!-- Command line test -->
